{
  "0 debug pnpm:scope": {
    "selected": 1
  },
  "1 error pnpm": {
    "code": "ELIFECYCLE",
    "errno": "ENOENT",
    "syscall": "spawn",
    "file": "sh",
    "pkgid": "lispsheet@",
    "stage": "dev",
    "script": "solid-start dev",
    "pkgname": "lispsheet",
    "err": {
      "name": "pnpm",
      "message": "lispsheet@ dev: `solid-start dev`\nspawn ENOENT",
      "code": "ELIFECYCLE",
      "stack": "pnpm: lispsheet@ dev: `solid-start dev`\nspawn ENOENT\n    at ChildProcess.<anonymous> (/Users/lawrencechen/.nvm/versions/node/v17.0.1/pnpm-global/5/node_modules/.pnpm/pnpm@6.32.3/node_modules/pnpm/dist/pnpm.cjs:92278:22)\n    at ChildProcess.emit (node:events:390:28)\n    at maybeClose (node:internal/child_process:1062:16)\n    at Process.ChildProcess._handle.onexit (node:internal/child_process:301:5)"
    }
  },
  "2 warn pnpm:global": " Local package.json exists, but node_modules missing, did you mean to install?"
}